<?xml version="1.0" encoding="UTF-8"?>
<!-- Generated by org.testng.reporters.JUnitReportReporter -->
<testsuite hostname="MAMATHA" failures="0" tests="1" name="com.CambriaProject.qa.testcases.LoginTest" time="10.807" errors="0" timestamp="2023-05-15T23:05:09 IST" skipped="0">
  <testcase classname="com.CambriaProject.qa.testcases.LoginTest" name="Login_With_Invalid_Character__Email_ID_Data" time="10.807"/>
  <system-out/>
</testsuite> <!-- com.CambriaProject.qa.testcases.LoginTest -->
